<?xml version="1.0" encoding="UTF-8"?>
<testng-results total="1" passed="1" failed="0" skipped="0">
  <reporter-output>
  </reporter-output>
  <suite started-at="2021-11-29T10:42:56Z" name="Default suite" finished-at="2021-11-29T10:43:15Z" duration-ms="19216">
    <groups>
    </groups>
    <test started-at="2021-11-29T10:42:56Z" name="Default test" finished-at="2021-11-29T10:43:15Z" duration-ms="19216">
      <class name="Tests.LoginTest">
        <test-method is-config="true" signature="Remote()[pri:0, instance:Tests.LoginTest@5170bcf4]" started-at="2021-11-29T16:12:56Z" name="Remote" finished-at="2021-11-29T16:12:57Z" duration-ms="1040" status="PASS">
          <reporter-output>
          </reporter-output>
        </test-method> <!-- Remote -->
        <test-method is-config="true" signature="initialie()[pri:0, instance:Tests.LoginTest@5170bcf4]" started-at="2021-11-29T16:12:57Z" name="initialie" finished-at="2021-11-29T16:12:57Z" duration-ms="1" status="PASS">
          <reporter-output>
          </reporter-output>
        </test-method> <!-- initialie -->
        <test-method signature="Login()[pri:0, instance:Tests.LoginTest@5170bcf4]" started-at="2021-11-29T16:12:57Z" name="Login" finished-at="2021-11-29T16:13:14Z" duration-ms="17581" status="PASS">
          <reporter-output>
          </reporter-output>
        </test-method> <!-- Login -->
        <test-method is-config="true" signature="flush()[pri:0, instance:Tests.LoginTest@5170bcf4]" started-at="2021-11-29T16:13:14Z" name="flush" finished-at="2021-11-29T16:13:15Z" duration-ms="578" status="PASS">
          <reporter-output>
          </reporter-output>
        </test-method> <!-- flush -->
        <test-method is-config="true" signature="TearDown()[pri:0, instance:Tests.LoginTest@5170bcf4]" started-at="2021-11-29T16:13:15Z" name="TearDown" finished-at="2021-11-29T16:13:15Z" duration-ms="95" status="PASS">
          <reporter-output>
          </reporter-output>
        </test-method> <!-- TearDown -->
      </class> <!-- Tests.LoginTest -->
    </test> <!-- Default test -->
  </suite> <!-- Default suite -->
</testng-results>
